<?xml version="1.0" encoding="UTF-8"?>
<!-- Generated by org.testng.reporters.JUnitReportReporter -->
<testsuite hostname="DESKTOP-UEJILMQ" failures="0" tests="3" name="com.jxq.douban.function_test.VarifyLoginTest" time="20.734" errors="0" timestamp="12 Aug 2020 01:49:30 GMT" skipped="0">
  <testcase classname="com.jxq.douban.function_test.VarifyLoginTest" name="testLogin_noNUll" time="6.747"/>
  <testcase classname="com.jxq.douban.function_test.VarifyLoginTest" name="testLogin_noNUll" time="11.865"/>
  <testcase classname="com.jxq.douban.function_test.VarifyLoginTest" name="testLogin_null" time="2.122"/>
</testsuite> <!-- com.jxq.douban.function_test.VarifyLoginTest -->
