<?xml version="1.0" encoding="UTF-8"?>
<!-- Generated by org.testng.reporters.JUnitReportReporter -->
<testsuite hostname="DESKTOP-UEJILMQ" failures="0" tests="3" name="com.jxq.douban.function_test.LoginTest" time="16.379" errors="0" timestamp="04 Aug 2020 08:52:41 GMT" skipped="0">
  <testcase classname="com.jxq.douban.function_test.LoginTest" name="testcaseSuccess" time="8.460"/>
  <testcase classname="com.jxq.douban.function_test.LoginTest" name="testcaseNull" time="2.200"/>
  <testcase classname="com.jxq.douban.function_test.LoginTest" name="testcaseFailed" time="5.719"/>
</testsuite> <!-- com.jxq.douban.function_test.LoginTest -->
