<?xml version="1.0" encoding="UTF-8"?>
<!-- Generated by org.testng.reporters.JUnitReportReporter -->
<testsuite hostname="DESKTOP-UEJILMQ" failures="0" tests="2" name="com.jxq.douban.api_test.SearchTagsTest" time="1.170" errors="0" timestamp="12 Aug 2020 01:49:30 GMT" skipped="0">
  <testcase classname="com.jxq.douban.api_test.SearchTagsTest" name="testcase2" time="0.061"/>
  <testcase classname="com.jxq.douban.api_test.SearchTagsTest" name="testcase1" time="1.109"/>
</testsuite> <!-- com.jxq.douban.api_test.SearchTagsTest -->
