<?xml version="1.0" encoding="UTF-8"?>
<!-- Generated by org.testng.reporters.JUnitReportReporter -->
<testsuite hostname="DESKTOP-UEJILMQ" failures="0" tests="1" name="com.jxq.douban.api_test.TranslateTest" time="0.132" errors="0" timestamp="12 Aug 2020 01:49:30 GMT" skipped="0">
  <testcase classname="com.jxq.douban.api_test.TranslateTest" name="testcase1" time="0.132"/>
</testsuite> <!-- com.jxq.douban.api_test.TranslateTest -->
